<?xml version="1.0" encoding="UTF-8"?>
<!-- Generated by org.testng.reporters.JUnitXMLReporter -->
<testsuite ignored="0" hostname="DESKTOP-NPBENJ3" failures="1" tests="1" name="Soft Assertions Test" time="0.042" errors="0" timestamp="2021-09-01T18:04:12 EDT">
  <testcase classname="testcases.suitea.SoftAssertTest" name="validate" time="0.01">
    <failure type="java.lang.AssertionError" message="The following asserts failed:
	expected [xyz] but found [abc],
	Not Mathematically possible expected [true] but found [false],
	404-Error">
      <![CDATA[java.lang.AssertionError: The following asserts failed:
expected [xyz] but found [abc],
Not Mathematically possible expected [true] but found [false],
404-Error
at testcases.suitea.SoftAssertTest.validate(SoftAssertTest.java:16)
at java.base/java.util.ArrayList.forEach(ArrayList.java:1511)
... Removed 30 stack frames]]>
    </failure>
  </testcase> <!-- validate -->
</testsuite> <!-- Soft Assertions Test -->
