<?xml version="1.0" encoding="UTF-8"?>
<testng-results ignored="0" total="11" passed="9" failed="2" skipped="0">
  <reporter-output>
  </reporter-output>
  <suite started-at="2021-09-01T18:04:13 EDT" name="Suite" finished-at="2021-09-01T18:04:13 EDT" duration-ms="0">
    <groups>
    </groups>
  </suite> <!-- Suite -->
  <suite started-at="2021-09-01T18:04:12 EDT" name="Suite B" finished-at="2021-09-01T18:04:12 EDT" duration-ms="49">
    <groups>
    </groups>
    <test started-at="2021-09-01T18:04:12 EDT" name="SearchPhone Test" finished-at="2021-09-01T18:04:12 EDT" duration-ms="16">
      <class name="testcases.suiteb.SearchAndBuyPhone">
        <test-method signature="search(org.testng.ITestContext)[pri:1, instance:testcases.suiteb.SearchAndBuyPhone@4c9f8c13]" started-at="2021-09-01T18:04:12 EDT" name="search" finished-at="2021-09-01T18:04:12 EDT" duration-ms="1" status="PASS">
          <params>
            <param index="0">
              <value>
                <![CDATA[org.testng.TestRunner@66d18979]]>
              </value>
            </param>
          </params>
          <reporter-output>
          </reporter-output>
        </test-method> <!-- search -->
        <test-method signature="selectPhone(org.testng.ITestContext)[pri:2, instance:testcases.suiteb.SearchAndBuyPhone@4c9f8c13]" started-at="2021-09-01T18:04:12 EDT" name="selectPhone" finished-at="2021-09-01T18:04:12 EDT" depends-on-methods="testcases.suiteb.SearchAndBuyPhone.search" duration-ms="1" status="PASS">
          <params>
            <param index="0">
              <value>
                <![CDATA[org.testng.TestRunner@66d18979]]>
              </value>
            </param>
          </params>
          <reporter-output>
          </reporter-output>
        </test-method> <!-- selectPhone -->
        <test-method signature="checkout(org.testng.ITestContext)[pri:3, instance:testcases.suiteb.SearchAndBuyPhone@4c9f8c13]" started-at="2021-09-01T18:04:12 EDT" name="checkout" finished-at="2021-09-01T18:04:12 EDT" depends-on-methods="testcases.suiteb.SearchAndBuyPhone.search, testcases.suiteb.SearchAndBuyPhone.selectPhone" duration-ms="0" status="PASS">
          <params>
            <param index="0">
              <value>
                <![CDATA[org.testng.TestRunner@66d18979]]>
              </value>
            </param>
          </params>
          <reporter-output>
          </reporter-output>
        </test-method> <!-- checkout -->
      </class> <!-- testcases.suiteb.SearchAndBuyPhone -->
    </test> <!-- SearchPhone Test -->
    <test started-at="2021-09-01T18:04:12 EDT" name="Annotations Test" finished-at="2021-09-01T18:04:12 EDT" duration-ms="10">
      <class name="testcases.suiteb.Annotations">
        <test-method is-config="true" signature="beforeTest()[pri:0, instance:testcases.suiteb.Annotations@3daa422a]" started-at="2021-09-01T18:04:12 EDT" name="beforeTest" finished-at="2021-09-01T18:04:12 EDT" duration-ms="0" status="PASS">
          <reporter-output>
          </reporter-output>
        </test-method> <!-- beforeTest -->
        <test-method is-config="true" signature="beforeClass()[pri:0, instance:testcases.suiteb.Annotations@3daa422a]" started-at="2021-09-01T18:04:12 EDT" name="beforeClass" finished-at="2021-09-01T18:04:12 EDT" duration-ms="1" status="PASS">
          <reporter-output>
          </reporter-output>
        </test-method> <!-- beforeClass -->
        <test-method is-config="true" signature="beforeMethod()[pri:0, instance:testcases.suiteb.Annotations@3daa422a]" started-at="2021-09-01T18:04:12 EDT" name="beforeMethod" finished-at="2021-09-01T18:04:12 EDT" duration-ms="0" status="PASS">
          <reporter-output>
          </reporter-output>
        </test-method> <!-- beforeMethod -->
        <test-method signature="test1()[pri:0, instance:testcases.suiteb.Annotations@3daa422a]" started-at="2021-09-01T18:04:12 EDT" name="test1" finished-at="2021-09-01T18:04:12 EDT" duration-ms="1" status="PASS">
          <reporter-output>
          </reporter-output>
        </test-method> <!-- test1 -->
        <test-method is-config="true" signature="afterMethod()[pri:0, instance:testcases.suiteb.Annotations@3daa422a]" started-at="2021-09-01T18:04:12 EDT" name="afterMethod" finished-at="2021-09-01T18:04:12 EDT" duration-ms="0" status="PASS">
          <reporter-output>
          </reporter-output>
        </test-method> <!-- afterMethod -->
        <test-method signature="test2()[pri:0, instance:testcases.suiteb.Annotations@3daa422a]" started-at="2021-09-01T18:04:12 EDT" name="test2" finished-at="2021-09-01T18:04:12 EDT" duration-ms="0" status="PASS">
          <reporter-output>
          </reporter-output>
        </test-method> <!-- test2 -->
        <test-method is-config="true" signature="beforeMethod()[pri:0, instance:testcases.suiteb.Annotations@3daa422a]" started-at="2021-09-01T18:04:12 EDT" name="beforeMethod" finished-at="2021-09-01T18:04:12 EDT" duration-ms="0" status="PASS">
          <reporter-output>
          </reporter-output>
        </test-method> <!-- beforeMethod -->
        <test-method is-config="true" signature="afterMethod()[pri:0, instance:testcases.suiteb.Annotations@3daa422a]" started-at="2021-09-01T18:04:12 EDT" name="afterMethod" finished-at="2021-09-01T18:04:12 EDT" duration-ms="0" status="PASS">
          <reporter-output>
          </reporter-output>
        </test-method> <!-- afterMethod -->
        <test-method signature="test3()[pri:0, instance:testcases.suiteb.Annotations@3daa422a]" started-at="2021-09-01T18:04:12 EDT" name="test3" finished-at="2021-09-01T18:04:12 EDT" duration-ms="1" status="PASS">
          <reporter-output>
          </reporter-output>
        </test-method> <!-- test3 -->
        <test-method is-config="true" signature="beforeMethod()[pri:0, instance:testcases.suiteb.Annotations@3daa422a]" started-at="2021-09-01T18:04:12 EDT" name="beforeMethod" finished-at="2021-09-01T18:04:12 EDT" duration-ms="0" status="PASS">
          <reporter-output>
          </reporter-output>
        </test-method> <!-- beforeMethod -->
        <test-method is-config="true" signature="afterMethod()[pri:0, instance:testcases.suiteb.Annotations@3daa422a]" started-at="2021-09-01T18:04:12 EDT" name="afterMethod" finished-at="2021-09-01T18:04:12 EDT" duration-ms="0" status="PASS">
          <reporter-output>
          </reporter-output>
        </test-method> <!-- afterMethod -->
        <test-method is-config="true" signature="afterClass()[pri:0, instance:testcases.suiteb.Annotations@3daa422a]" started-at="2021-09-01T18:04:12 EDT" name="afterClass" finished-at="2021-09-01T18:04:12 EDT" duration-ms="0" status="PASS">
          <reporter-output>
          </reporter-output>
        </test-method> <!-- afterClass -->
        <test-method is-config="true" signature="afterTest()[pri:0, instance:testcases.suiteb.Annotations@3daa422a]" started-at="2021-09-01T18:04:12 EDT" name="afterTest" finished-at="2021-09-01T18:04:12 EDT" duration-ms="0" status="PASS">
          <reporter-output>
          </reporter-output>
        </test-method> <!-- afterTest -->
      </class> <!-- testcases.suiteb.Annotations -->
    </test> <!-- Annotations Test -->
    <test started-at="2021-09-01T18:04:12 EDT" name="DataProvider Test" finished-at="2021-09-01T18:04:12 EDT" duration-ms="13">
      <class name="testcases.suiteb.LoginTest_DataProvider">
        <test-method is-config="true" signature="beforeMethod()[pri:0, instance:testcases.suiteb.LoginTest_DataProvider@647e447]" started-at="2021-09-01T18:04:12 EDT" name="beforeMethod" finished-at="2021-09-01T18:04:12 EDT" duration-ms="0" status="PASS">
          <reporter-output>
          </reporter-output>
        </test-method> <!-- beforeMethod -->
        <test-method signature="doLogin(java.lang.String,java.lang.String)[pri:0, instance:testcases.suiteb.LoginTest_DataProvider@647e447]" started-at="2021-09-01T18:04:12 EDT" name="doLogin" data-provider="getData" finished-at="2021-09-01T18:04:12 EDT" duration-ms="1" status="PASS">
          <params>
            <param index="0">
              <value>
                <![CDATA[U1]]>
              </value>
            </param>
            <param index="1">
              <value>
                <![CDATA[P1]]>
              </value>
            </param>
          </params>
          <reporter-output>
          </reporter-output>
        </test-method> <!-- doLogin -->
        <test-method is-config="true" signature="beforeMethod()[pri:0, instance:testcases.suiteb.LoginTest_DataProvider@647e447]" started-at="2021-09-01T18:04:12 EDT" name="beforeMethod" finished-at="2021-09-01T18:04:12 EDT" duration-ms="0" status="PASS">
          <reporter-output>
          </reporter-output>
        </test-method> <!-- beforeMethod -->
        <test-method is-config="true" signature="AfterMethod()[pri:0, instance:testcases.suiteb.LoginTest_DataProvider@647e447]" started-at="2021-09-01T18:04:12 EDT" name="AfterMethod" finished-at="2021-09-01T18:04:12 EDT" duration-ms="0" status="PASS">
          <reporter-output>
          </reporter-output>
        </test-method> <!-- AfterMethod -->
        <test-method signature="doLogin(java.lang.String,java.lang.String)[pri:0, instance:testcases.suiteb.LoginTest_DataProvider@647e447]" started-at="2021-09-01T18:04:12 EDT" name="doLogin" data-provider="getData" finished-at="2021-09-01T18:04:12 EDT" duration-ms="1" status="PASS">
          <params>
            <param index="0">
              <value>
                <![CDATA[U2]]>
              </value>
            </param>
            <param index="1">
              <value>
                <![CDATA[P2]]>
              </value>
            </param>
          </params>
          <reporter-output>
          </reporter-output>
        </test-method> <!-- doLogin -->
        <test-method is-config="true" signature="AfterMethod()[pri:0, instance:testcases.suiteb.LoginTest_DataProvider@647e447]" started-at="2021-09-01T18:04:12 EDT" name="AfterMethod" finished-at="2021-09-01T18:04:12 EDT" duration-ms="0" status="PASS">
          <reporter-output>
          </reporter-output>
        </test-method> <!-- AfterMethod -->
        <test-method is-config="true" signature="beforeMethod()[pri:0, instance:testcases.suiteb.LoginTest_DataProvider@647e447]" started-at="2021-09-01T18:04:12 EDT" name="beforeMethod" finished-at="2021-09-01T18:04:12 EDT" duration-ms="1" status="PASS">
          <reporter-output>
          </reporter-output>
        </test-method> <!-- beforeMethod -->
        <test-method signature="doLogin(java.lang.String,java.lang.String)[pri:0, instance:testcases.suiteb.LoginTest_DataProvider@647e447]" started-at="2021-09-01T18:04:12 EDT" name="doLogin" data-provider="getData" finished-at="2021-09-01T18:04:12 EDT" duration-ms="0" status="PASS">
          <params>
            <param index="0">
              <value>
                <![CDATA[U3]]>
              </value>
            </param>
            <param index="1">
              <value>
                <![CDATA[P3]]>
              </value>
            </param>
          </params>
          <reporter-output>
          </reporter-output>
        </test-method> <!-- doLogin -->
        <test-method is-config="true" signature="AfterMethod()[pri:0, instance:testcases.suiteb.LoginTest_DataProvider@647e447]" started-at="2021-09-01T18:04:12 EDT" name="AfterMethod" finished-at="2021-09-01T18:04:12 EDT" duration-ms="0" status="PASS">
          <reporter-output>
          </reporter-output>
        </test-method> <!-- AfterMethod -->
      </class> <!-- testcases.suiteb.LoginTest_DataProvider -->
      <class name="testcases.suiteb.Annotations">
        <test-method is-config="true" signature="beforeSuite()[pri:0, instance:testcases.suiteb.Annotations@3daa422a]" started-at="2021-09-01T18:04:12 EDT" name="beforeSuite" finished-at="2021-09-01T18:04:12 EDT" duration-ms="2" status="PASS">
          <reporter-output>
          </reporter-output>
        </test-method> <!-- beforeSuite -->
        <test-method is-config="true" signature="afterSuite()[pri:0, instance:testcases.suiteb.Annotations@3daa422a]" started-at="2021-09-01T18:04:12 EDT" name="afterSuite" finished-at="2021-09-01T18:04:12 EDT" duration-ms="1" status="PASS">
          <reporter-output>
          </reporter-output>
        </test-method> <!-- afterSuite -->
      </class> <!-- testcases.suiteb.Annotations -->
    </test> <!-- DataProvider Test -->
  </suite> <!-- Suite B -->
  <suite started-at="2021-09-01T18:04:12 EDT" name="Suite A" finished-at="2021-09-01T18:04:12 EDT" duration-ms="103">
    <groups>
    </groups>
    <test started-at="2021-09-01T18:04:12 EDT" name="Soft Assertions Test" finished-at="2021-09-01T18:04:12 EDT" duration-ms="42">
      <class name="testcases.suitea.SoftAssertTest">
        <test-method signature="validate()[pri:0, instance:testcases.suitea.SoftAssertTest@61dd025]" started-at="2021-09-01T18:04:12 EDT" name="validate" finished-at="2021-09-01T18:04:12 EDT" duration-ms="10" status="FAIL">
          <exception class="java.lang.AssertionError">
            <message>
              <![CDATA[The following asserts failed:
expected [xyz] but found [abc],
Not Mathematically possible expected [true] but found [false],
404-Error]]>
            </message>
            <full-stacktrace>
              <![CDATA[java.lang.AssertionError: The following asserts failed:
expected [xyz] but found [abc],
Not Mathematically possible expected [true] but found [false],
404-Error
at org.testng.asserts.SoftAssert.assertAll(SoftAssert.java:47)
at org.testng.asserts.SoftAssert.assertAll(SoftAssert.java:31)
at testcases.suitea.SoftAssertTest.validate(SoftAssertTest.java:16)
at java.base/jdk.internal.reflect.NativeMethodAccessorImpl.invoke0(Native Method)
at java.base/jdk.internal.reflect.NativeMethodAccessorImpl.invoke(NativeMethodAccessorImpl.java:78)
at java.base/jdk.internal.reflect.DelegatingMethodAccessorImpl.invoke(DelegatingMethodAccessorImpl.java:43)
at java.base/java.lang.reflect.Method.invoke(Method.java:567)
at org.testng.internal.MethodInvocationHelper.invokeMethod(MethodInvocationHelper.java:133)
at org.testng.internal.TestInvoker.invokeMethod(TestInvoker.java:598)
at org.testng.internal.TestInvoker.invokeTestMethod(TestInvoker.java:173)
at org.testng.internal.MethodRunner.runInSequence(MethodRunner.java:46)
at org.testng.internal.TestInvoker$MethodInvocationAgent.invoke(TestInvoker.java:824)
at org.testng.internal.TestInvoker.invokeTestMethods(TestInvoker.java:146)
at org.testng.internal.TestMethodWorker.invokeTestMethods(TestMethodWorker.java:146)
at org.testng.internal.TestMethodWorker.run(TestMethodWorker.java:128)
at java.base/java.util.ArrayList.forEach(ArrayList.java:1511)
at org.testng.TestRunner.privateRun(TestRunner.java:794)
at org.testng.TestRunner.run(TestRunner.java:596)
at org.testng.SuiteRunner.runTest(SuiteRunner.java:377)
at org.testng.SuiteRunner.runSequentially(SuiteRunner.java:371)
at org.testng.SuiteRunner.privateRun(SuiteRunner.java:332)
at org.testng.SuiteRunner.run(SuiteRunner.java:276)
at org.testng.SuiteRunnerWorker.runSuite(SuiteRunnerWorker.java:53)
at org.testng.SuiteRunnerWorker.run(SuiteRunnerWorker.java:96)
at org.testng.TestNG.runSuitesSequentially(TestNG.java:1212)
at org.testng.TestNG.runSuitesSequentially(TestNG.java:1207)
at org.testng.TestNG.runSuitesLocally(TestNG.java:1134)
at org.testng.TestNG.runSuites(TestNG.java:1063)
at org.testng.TestNG.run(TestNG.java:1031)
at org.testng.remote.AbstractRemoteTestNG.run(AbstractRemoteTestNG.java:115)
at org.testng.remote.RemoteTestNG.initAndRun(RemoteTestNG.java:251)
at org.testng.remote.RemoteTestNG.main(RemoteTestNG.java:77)
]]>
            </full-stacktrace>
          </exception> <!-- java.lang.AssertionError -->
          <reporter-output>
          </reporter-output>
        </test-method> <!-- validate -->
      </class> <!-- testcases.suitea.SoftAssertTest -->
    </test> <!-- Soft Assertions Test -->
    <test started-at="2021-09-01T18:04:12 EDT" name="Hard Assertions Test" finished-at="2021-09-01T18:04:12 EDT" duration-ms="4">
      <class name="testcases.suitea.HardAssertTest">
        <test-method signature="doLogin()[pri:0, instance:testcases.suitea.HardAssertTest@bef2d72]" started-at="2021-09-01T18:04:12 EDT" name="doLogin" finished-at="2021-09-01T18:04:12 EDT" duration-ms="1" status="FAIL">
          <exception class="java.lang.AssertionError">
            <message>
              <![CDATA[Custom Err Message - 404 error]]>
            </message>
            <full-stacktrace>
              <![CDATA[java.lang.AssertionError: Custom Err Message - 404 error
at org.testng.Assert.fail(Assert.java:99)
at testcases.suitea.HardAssertTest.doLogin(HardAssertTest.java:16)
at java.base/jdk.internal.reflect.NativeMethodAccessorImpl.invoke0(Native Method)
at java.base/jdk.internal.reflect.NativeMethodAccessorImpl.invoke(NativeMethodAccessorImpl.java:78)
at java.base/jdk.internal.reflect.DelegatingMethodAccessorImpl.invoke(DelegatingMethodAccessorImpl.java:43)
at java.base/java.lang.reflect.Method.invoke(Method.java:567)
at org.testng.internal.MethodInvocationHelper.invokeMethod(MethodInvocationHelper.java:133)
at org.testng.internal.TestInvoker.invokeMethod(TestInvoker.java:598)
at org.testng.internal.TestInvoker.invokeTestMethod(TestInvoker.java:173)
at org.testng.internal.MethodRunner.runInSequence(MethodRunner.java:46)
at org.testng.internal.TestInvoker$MethodInvocationAgent.invoke(TestInvoker.java:824)
at org.testng.internal.TestInvoker.invokeTestMethods(TestInvoker.java:146)
at org.testng.internal.TestMethodWorker.invokeTestMethods(TestMethodWorker.java:146)
at org.testng.internal.TestMethodWorker.run(TestMethodWorker.java:128)
at java.base/java.util.ArrayList.forEach(ArrayList.java:1511)
at org.testng.TestRunner.privateRun(TestRunner.java:794)
at org.testng.TestRunner.run(TestRunner.java:596)
at org.testng.SuiteRunner.runTest(SuiteRunner.java:377)
at org.testng.SuiteRunner.runSequentially(SuiteRunner.java:371)
at org.testng.SuiteRunner.privateRun(SuiteRunner.java:332)
at org.testng.SuiteRunner.run(SuiteRunner.java:276)
at org.testng.SuiteRunnerWorker.runSuite(SuiteRunnerWorker.java:53)
at org.testng.SuiteRunnerWorker.run(SuiteRunnerWorker.java:96)
at org.testng.TestNG.runSuitesSequentially(TestNG.java:1212)
at org.testng.TestNG.runSuitesSequentially(TestNG.java:1207)
at org.testng.TestNG.runSuitesLocally(TestNG.java:1134)
at org.testng.TestNG.runSuites(TestNG.java:1063)
at org.testng.TestNG.run(TestNG.java:1031)
at org.testng.remote.AbstractRemoteTestNG.run(AbstractRemoteTestNG.java:115)
at org.testng.remote.RemoteTestNG.initAndRun(RemoteTestNG.java:251)
at org.testng.remote.RemoteTestNG.main(RemoteTestNG.java:77)
]]>
            </full-stacktrace>
          </exception> <!-- java.lang.AssertionError -->
          <reporter-output>
          </reporter-output>
        </test-method> <!-- doLogin -->
      </class> <!-- testcases.suitea.HardAssertTest -->
    </test> <!-- Hard Assertions Test -->
  </suite> <!-- Suite A -->
</testng-results>
